{"C:\\Users\\Admin\\OneDrive\\Desktop\\AI_Counsellor\\backend\\src\\controllers\\authController.ts": {"path":"C:\\Users\\Admin\\OneDrive\\Desktop\\AI_Counsellor\\backend\\src\\controllers\\authController.ts","statementMap":{"0":{"start":{"line":2,"column":0},"end":{"line":2,"column":30}},"1":{"start":{"line":3,"column":0},"end":{"line":3,"column":46}},"2":{"start":{"line":4,"column":0},"end":{"line":4,"column":56}},"3":{"start":{"line":5,"column":0},"end":{"line":5,"column":56}},"4":{"start":{"line":6,"column":0},"end":{"line":6,"column":28}},"5":{"start":{"line":8,"column":15},"end":{"line":8,"column":33}},"6":{"start":{"line":10,"column":20},"end":{"line":10,"column":80}},"7":{"start":{"line":10,"column":26},"end":{"line":10,"column":80}},"8":{"start":{"line":12,"column":24},"end":{"line":50,"column":2}},"9":{"start":{"line":12,"column":97},"end":{"line":50,"column":2}},"10":{"start":{"line":13,"column":2},"end":{"line":49,"column":3}},"11":{"start":{"line":14,"column":42},"end":{"line":14,"column":50}},"12":{"start":{"line":16,"column":25},"end":{"line":16,"column":75}},"13":{"start":{"line":17,"column":4},"end":{"line":20,"column":5}},"14":{"start":{"line":18,"column":6},"end":{"line":18,"column":80}},"15":{"start":{"line":19,"column":6},"end":{"line":19,"column":13}},"16":{"start":{"line":22,"column":25},"end":{"line":22,"column":56}},"17":{"start":{"line":23,"column":20},"end":{"line":23,"column":33}},"18":{"start":{"line":24,"column":25},"end":{"line":24,"column":62}},"19":{"start":{"line":26,"column":17},"end":{"line":38,"column":6}},"20":{"start":{"line":41,"column":4},"end":{"line":41,"column":72}},"21":{"start":{"line":43,"column":4},"end":{"line":46,"column":7}},"22":{"start":{"line":48,"column":4},"end":{"line":48,"column":16}},"23":{"start":{"line":12,"column":13},"end":{"line":12,"column":24}},"24":{"start":{"line":52,"column":25},"end":{"line":85,"column":2}},"25":{"start":{"line":52,"column":98},"end":{"line":85,"column":2}},"26":{"start":{"line":53,"column":2},"end":{"line":84,"column":3}},"27":{"start":{"line":54,"column":27},"end":{"line":54,"column":35}},"28":{"start":{"line":56,"column":17},"end":{"line":56,"column":67}},"29":{"start":{"line":57,"column":4},"end":{"line":60,"column":5}},"30":{"start":{"line":58,"column":6},"end":{"line":58,"column":75}},"31":{"start":{"line":59,"column":6},"end":{"line":59,"column":13}},"32":{"start":{"line":62,"column":4},"end":{"line":65,"column":5}},"33":{"start":{"line":63,"column":6},"end":{"line":63,"column":85}},"34":{"start":{"line":64,"column":6},"end":{"line":64,"column":13}},"35":{"start":{"line":67,"column":4},"end":{"line":70,"column":5}},"36":{"start":{"line":68,"column":6},"end":{"line":68,"column":83}},"37":{"start":{"line":69,"column":6},"end":{"line":69,"column":13}},"38":{"start":{"line":72,"column":4},"end":{"line":79,"column":7}},"39":{"start":{"line":81,"column":4},"end":{"line":81,"column":96}},"40":{"start":{"line":83,"column":4},"end":{"line":83,"column":16}},"41":{"start":{"line":52,"column":13},"end":{"line":52,"column":25}},"42":{"start":{"line":87,"column":21},"end":{"line":147,"column":2}},"43":{"start":{"line":87,"column":94},"end":{"line":147,"column":2}},"44":{"start":{"line":88,"column":2},"end":{"line":146,"column":3}},"45":{"start":{"line":89,"column":32},"end":{"line":89,"column":40}},"46":{"start":{"line":91,"column":17},"end":{"line":91,"column":67}},"47":{"start":{"line":92,"column":4},"end":{"line":95,"column":5}},"48":{"start":{"line":93,"column":6},"end":{"line":93,"column":86}},"49":{"start":{"line":94,"column":6},"end":{"line":94,"column":13}},"50":{"start":{"line":97,"column":4},"end":{"line":100,"column":5}},"51":{"start":{"line":98,"column":6},"end":{"line":98,"column":91}},"52":{"start":{"line":99,"column":6},"end":{"line":99,"column":13}},"53":{"start":{"line":102,"column":28},"end":{"line":102,"column":77}},"54":{"start":{"line":103,"column":4},"end":{"line":106,"column":5}},"55":{"start":{"line":104,"column":6},"end":{"line":104,"column":86}},"56":{"start":{"line":105,"column":6},"end":{"line":105,"column":13}},"57":{"start":{"line":108,"column":20},"end":{"line":108,"column":56}},"58":{"start":{"line":109,"column":24},"end":{"line":109,"column":65}},"59":{"start":{"line":110,"column":25},"end":{"line":110,"column":67}},"60":{"start":{"line":112,"column":4},"end":{"line":115,"column":7}},"61":{"start":{"line":118,"column":4},"end":{"line":124,"column":7}},"62":{"start":{"line":126,"column":4},"end":{"line":131,"column":7}},"63":{"start":{"line":133,"column":4},"end":{"line":143,"column":7}},"64":{"start":{"line":145,"column":4},"end":{"line":145,"column":16}},"65":{"start":{"line":87,"column":13},"end":{"line":87,"column":21}},"66":{"start":{"line":149,"column":26},"end":{"line":183,"column":2}},"67":{"start":{"line":149,"column":99},"end":{"line":183,"column":2}},"68":{"start":{"line":150,"column":2},"end":{"line":182,"column":3}},"69":{"start":{"line":151,"column":32},"end":{"line":151,"column":40}},"70":{"start":{"line":153,"column":17},"end":{"line":153,"column":67}},"71":{"start":{"line":154,"column":4},"end":{"line":157,"column":5}},"72":{"start":{"line":155,"column":6},"end":{"line":155,"column":86}},"73":{"start":{"line":156,"column":6},"end":{"line":156,"column":13}},"74":{"start":{"line":159,"column":28},"end":{"line":159,"column":77}},"75":{"start":{"line":160,"column":4},"end":{"line":163,"column":5}},"76":{"start":{"line":161,"column":6},"end":{"line":161,"column":86}},"77":{"start":{"line":162,"column":6},"end":{"line":162,"column":13}},"78":{"start":{"line":165,"column":20},"end":{"line":165,"column":56}},"79":{"start":{"line":166,"column":24},"end":{"line":166,"column":65}},"80":{"start":{"line":167,"column":25},"end":{"line":167,"column":67}},"81":{"start":{"line":169,"column":4},"end":{"line":174,"column":7}},"82":{"start":{"line":176,"column":4},"end":{"line":179,"column":7}},"83":{"start":{"line":181,"column":4},"end":{"line":181,"column":16}},"84":{"start":{"line":149,"column":13},"end":{"line":149,"column":26}},"85":{"start":{"line":185,"column":22},"end":{"line":200,"column":2}},"86":{"start":{"line":185,"column":95},"end":{"line":200,"column":2}},"87":{"start":{"line":186,"column":2},"end":{"line":199,"column":3}},"88":{"start":{"line":187,"column":25},"end":{"line":187,"column":50}},"89":{"start":{"line":188,"column":4},"end":{"line":193,"column":5}},"90":{"start":{"line":189,"column":24},"end":{"line":189,"column":86}},"91":{"start":{"line":190,"column":6},"end":{"line":192,"column":9}},"92":{"start":{"line":195,"column":4},"end":{"line":195,"column":36}},"93":{"start":{"line":196,"column":4},"end":{"line":196,"column":72}},"94":{"start":{"line":198,"column":4},"end":{"line":198,"column":16}},"95":{"start":{"line":185,"column":13},"end":{"line":185,"column":22}},"96":{"start":{"line":202,"column":23},"end":{"line":227,"column":2}},"97":{"start":{"line":202,"column":96},"end":{"line":227,"column":2}},"98":{"start":{"line":203,"column":2},"end":{"line":226,"column":3}},"99":{"start":{"line":204,"column":25},"end":{"line":204,"column":50}},"100":{"start":{"line":205,"column":4},"end":{"line":208,"column":5}},"101":{"start":{"line":206,"column":6},"end":{"line":206,"column":84}},"102":{"start":{"line":207,"column":6},"end":{"line":207,"column":13}},"103":{"start":{"line":210,"column":20},"end":{"line":210,"column":65}},"104":{"start":{"line":213,"column":22},"end":{"line":213,"column":84}},"105":{"start":{"line":214,"column":20},"end":{"line":214,"column":88}},"106":{"start":{"line":215,"column":4},"end":{"line":218,"column":5}},"107":{"start":{"line":216,"column":6},"end":{"line":216,"column":87}},"108":{"start":{"line":217,"column":6},"end":{"line":217,"column":13}},"109":{"start":{"line":220,"column":20},"end":{"line":220,"column":66}},"110":{"start":{"line":221,"column":27},"end":{"line":221,"column":68}},"111":{"start":{"line":223,"column":4},"end":{"line":223,"column":75}},"112":{"start":{"line":225,"column":4},"end":{"line":225,"column":80}},"113":{"start":{"line":202,"column":13},"end":{"line":202,"column":23}},"114":{"start":{"line":229,"column":30},"end":{"line":254,"column":2}},"115":{"start":{"line":229,"column":103},"end":{"line":254,"column":2}},"116":{"start":{"line":230,"column":2},"end":{"line":253,"column":3}},"117":{"start":{"line":231,"column":22},"end":{"line":231,"column":30}},"118":{"start":{"line":232,"column":17},"end":{"line":232,"column":67}},"119":{"start":{"line":234,"column":4},"end":{"line":238,"column":5}},"120":{"start":{"line":236,"column":6},"end":{"line":236,"column":93}},"121":{"start":{"line":237,"column":6},"end":{"line":237,"column":13}},"122":{"start":{"line":240,"column":20},"end":{"line":240,"column":33}},"123":{"start":{"line":241,"column":25},"end":{"line":241,"column":62}},"124":{"start":{"line":243,"column":4},"end":{"line":246,"column":7}},"125":{"start":{"line":248,"column":4},"end":{"line":248,"column":72}},"126":{"start":{"line":250,"column":4},"end":{"line":250,"column":91}},"127":{"start":{"line":252,"column":4},"end":{"line":252,"column":16}},"128":{"start":{"line":229,"column":13},"end":{"line":229,"column":30}},"129":{"start":{"line":256,"column":29},"end":{"line":286,"column":2}},"130":{"start":{"line":256,"column":102},"end":{"line":286,"column":2}},"131":{"start":{"line":257,"column":2},"end":{"line":285,"column":3}},"132":{"start":{"line":258,"column":40},"end":{"line":258,"column":48}},"133":{"start":{"line":260,"column":17},"end":{"line":260,"column":67}},"134":{"start":{"line":261,"column":4},"end":{"line":264,"column":5}},"135":{"start":{"line":262,"column":6},"end":{"line":262,"column":83}},"136":{"start":{"line":263,"column":6},"end":{"line":263,"column":13}},"137":{"start":{"line":266,"column":25},"end":{"line":266,"column":59}},"138":{"start":{"line":268,"column":4},"end":{"line":275,"column":7}},"139":{"start":{"line":278,"column":4},"end":{"line":280,"column":7}},"140":{"start":{"line":282,"column":4},"end":{"line":282,"column":76}},"141":{"start":{"line":284,"column":4},"end":{"line":284,"column":16}},"142":{"start":{"line":256,"column":13},"end":{"line":256,"column":29}}},"fnMap":{"0":{"name":"(anonymous_8)","decl":{"start":{"line":10,"column":20},"end":{"line":10,"column":23}},"loc":{"start":{"line":10,"column":26},"end":{"line":10,"column":80}}},"1":{"name":"(anonymous_9)","decl":{"start":{"line":12,"column":24},"end":{"line":12,"column":31}},"loc":{"start":{"line":12,"column":97},"end":{"line":50,"column":2}}},"2":{"name":"(anonymous_10)","decl":{"start":{"line":12,"column":97},"end":{"line":12,"column":null}},"loc":{"start":{"line":12,"column":97},"end":{"line":50,"column":1}}},"3":{"name":"(anonymous_11)","decl":{"start":{"line":52,"column":25},"end":{"line":52,"column":32}},"loc":{"start":{"line":52,"column":98},"end":{"line":85,"column":2}}},"4":{"name":"(anonymous_12)","decl":{"start":{"line":52,"column":98},"end":{"line":52,"column":null}},"loc":{"start":{"line":52,"column":98},"end":{"line":85,"column":1}}},"5":{"name":"(anonymous_13)","decl":{"start":{"line":87,"column":21},"end":{"line":87,"column":28}},"loc":{"start":{"line":87,"column":94},"end":{"line":147,"column":2}}},"6":{"name":"(anonymous_14)","decl":{"start":{"line":87,"column":94},"end":{"line":87,"column":null}},"loc":{"start":{"line":87,"column":94},"end":{"line":147,"column":1}}},"7":{"name":"(anonymous_15)","decl":{"start":{"line":149,"column":26},"end":{"line":149,"column":33}},"loc":{"start":{"line":149,"column":99},"end":{"line":183,"column":2}}},"8":{"name":"(anonymous_16)","decl":{"start":{"line":149,"column":99},"end":{"line":149,"column":null}},"loc":{"start":{"line":149,"column":99},"end":{"line":183,"column":1}}},"9":{"name":"(anonymous_17)","decl":{"start":{"line":185,"column":22},"end":{"line":185,"column":29}},"loc":{"start":{"line":185,"column":95},"end":{"line":200,"column":2}}},"10":{"name":"(anonymous_18)","decl":{"start":{"line":185,"column":95},"end":{"line":185,"column":null}},"loc":{"start":{"line":185,"column":95},"end":{"line":200,"column":1}}},"11":{"name":"(anonymous_19)","decl":{"start":{"line":202,"column":23},"end":{"line":202,"column":30}},"loc":{"start":{"line":202,"column":96},"end":{"line":227,"column":2}}},"12":{"name":"(anonymous_20)","decl":{"start":{"line":202,"column":96},"end":{"line":202,"column":null}},"loc":{"start":{"line":202,"column":96},"end":{"line":227,"column":1}}},"13":{"name":"(anonymous_21)","decl":{"start":{"line":229,"column":30},"end":{"line":229,"column":37}},"loc":{"start":{"line":229,"column":103},"end":{"line":254,"column":2}}},"14":{"name":"(anonymous_22)","decl":{"start":{"line":229,"column":103},"end":{"line":229,"column":null}},"loc":{"start":{"line":229,"column":103},"end":{"line":254,"column":1}}},"15":{"name":"(anonymous_23)","decl":{"start":{"line":256,"column":29},"end":{"line":256,"column":36}},"loc":{"start":{"line":256,"column":102},"end":{"line":286,"column":2}}},"16":{"name":"(anonymous_24)","decl":{"start":{"line":256,"column":102},"end":{"line":256,"column":null}},"loc":{"start":{"line":256,"column":102},"end":{"line":286,"column":1}}}},"branchMap":{"0":{"loc":{"start":{"line":17,"column":4},"end":{"line":20,"column":5}},"type":"if","locations":[{"start":{"line":17,"column":4},"end":{"line":20,"column":5}},{"start":{},"end":{}}]},"1":{"loc":{"start":{"line":57,"column":4},"end":{"line":60,"column":5}},"type":"if","locations":[{"start":{"line":57,"column":4},"end":{"line":60,"column":5}},{"start":{},"end":{}}]},"2":{"loc":{"start":{"line":62,"column":4},"end":{"line":65,"column":5}},"type":"if","locations":[{"start":{"line":62,"column":4},"end":{"line":65,"column":5}},{"start":{},"end":{}}]},"3":{"loc":{"start":{"line":67,"column":4},"end":{"line":70,"column":5}},"type":"if","locations":[{"start":{"line":67,"column":4},"end":{"line":70,"column":5}},{"start":{},"end":{}}]},"4":{"loc":{"start":{"line":67,"column":8},"end":{"line":67,"column":84}},"type":"binary-expr","locations":[{"start":{"line":67,"column":8},"end":{"line":67,"column":28}},{"start":{"line":67,"column":32},"end":{"line":67,"column":50}},{"start":{"line":67,"column":54},"end":{"line":67,"column":84}}]},"5":{"loc":{"start":{"line":92,"column":4},"end":{"line":95,"column":5}},"type":"if","locations":[{"start":{"line":92,"column":4},"end":{"line":95,"column":5}},{"start":{},"end":{}}]},"6":{"loc":{"start":{"line":92,"column":8},"end":{"line":92,"column":35}},"type":"binary-expr","locations":[{"start":{"line":92,"column":8},"end":{"line":92,"column":13}},{"start":{"line":92,"column":17},"end":{"line":92,"column":35}}]},"7":{"loc":{"start":{"line":97,"column":4},"end":{"line":100,"column":5}},"type":"if","locations":[{"start":{"line":97,"column":4},"end":{"line":100,"column":5}},{"start":{},"end":{}}]},"8":{"loc":{"start":{"line":103,"column":4},"end":{"line":106,"column":5}},"type":"if","locations":[{"start":{"line":103,"column":4},"end":{"line":106,"column":5}},{"start":{},"end":{}}]},"9":{"loc":{"start":{"line":154,"column":4},"end":{"line":157,"column":5}},"type":"if","locations":[{"start":{"line":154,"column":4},"end":{"line":157,"column":5}},{"start":{},"end":{}}]},"10":{"loc":{"start":{"line":154,"column":8},"end":{"line":154,"column":60}},"type":"binary-expr","locations":[{"start":{"line":154,"column":8},"end":{"line":154,"column":13}},{"start":{"line":154,"column":17},"end":{"line":154,"column":38}},{"start":{"line":154,"column":42},"end":{"line":154,"column":60}}]},"11":{"loc":{"start":{"line":160,"column":4},"end":{"line":163,"column":5}},"type":"if","locations":[{"start":{"line":160,"column":4},"end":{"line":163,"column":5}},{"start":{},"end":{}}]},"12":{"loc":{"start":{"line":187,"column":25},"end":{"line":187,"column":50}},"type":"cond-expr","locations":[{"start":{"line":187,"column":36},"end":{"line":187,"column":38}},{"start":{"line":187,"column":36},"end":{"line":187,"column":50}}]},"13":{"loc":{"start":{"line":187,"column":25},"end":{"line":187,"column":38}},"type":"binary-expr","locations":[{"start":{"line":187,"column":25},"end":{"line":187,"column":38}},{"start":{"line":187,"column":36},"end":{"line":187,"column":38}}]},"14":{"loc":{"start":{"line":188,"column":4},"end":{"line":193,"column":5}},"type":"if","locations":[{"start":{"line":188,"column":4},"end":{"line":193,"column":5}},{"start":{},"end":{}}]},"15":{"loc":{"start":{"line":204,"column":25},"end":{"line":204,"column":50}},"type":"cond-expr","locations":[{"start":{"line":204,"column":36},"end":{"line":204,"column":38}},{"start":{"line":204,"column":36},"end":{"line":204,"column":50}}]},"16":{"loc":{"start":{"line":204,"column":25},"end":{"line":204,"column":38}},"type":"binary-expr","locations":[{"start":{"line":204,"column":25},"end":{"line":204,"column":38}},{"start":{"line":204,"column":36},"end":{"line":204,"column":38}}]},"17":{"loc":{"start":{"line":205,"column":4},"end":{"line":208,"column":5}},"type":"if","locations":[{"start":{"line":205,"column":4},"end":{"line":208,"column":5}},{"start":{},"end":{}}]},"18":{"loc":{"start":{"line":215,"column":4},"end":{"line":218,"column":5}},"type":"if","locations":[{"start":{"line":215,"column":4},"end":{"line":218,"column":5}},{"start":{},"end":{}}]},"19":{"loc":{"start":{"line":215,"column":8},"end":{"line":215,"column":50}},"type":"binary-expr","locations":[{"start":{"line":215,"column":8},"end":{"line":215,"column":16}},{"start":{"line":215,"column":20},"end":{"line":215,"column":50}}]},"20":{"loc":{"start":{"line":234,"column":4},"end":{"line":238,"column":5}},"type":"if","locations":[{"start":{"line":234,"column":4},"end":{"line":238,"column":5}},{"start":{},"end":{}}]},"21":{"loc":{"start":{"line":261,"column":4},"end":{"line":264,"column":5}},"type":"if","locations":[{"start":{"line":261,"column":4},"end":{"line":264,"column":5}},{"start":{},"end":{}}]},"22":{"loc":{"start":{"line":261,"column":8},"end":{"line":261,"column":93}},"type":"binary-expr","locations":[{"start":{"line":261,"column":8},"end":{"line":261,"column":13}},{"start":{"line":261,"column":17},"end":{"line":261,"column":37}},{"start":{"line":261,"column":41},"end":{"line":261,"column":59}},{"start":{"line":261,"column":63},"end":{"line":261,"column":93}}]}},"s":{"0":1,"1":1,"2":1,"3":1,"4":1,"5":1,"6":1,"7":1,"8":1,"9":2,"10":2,"11":2,"12":2,"13":2,"14":1,"15":1,"16":1,"17":1,"18":1,"19":1,"20":1,"21":1,"22":0,"23":1,"24":1,"25":0,"26":0,"27":0,"28":0,"29":0,"30":0,"31":0,"32":0,"33":0,"34":0,"35":0,"36":0,"37":0,"38":0,"39":0,"40":0,"41":1,"42":1,"43":2,"44":2,"45":2,"46":2,"47":2,"48":0,"49":0,"50":2,"51":0,"52":0,"53":2,"54":2,"55":1,"56":1,"57":1,"58":1,"59":1,"60":1,"61":0,"62":0,"63":0,"64":1,"65":1,"66":1,"67":0,"68":0,"69":0,"70":0,"71":0,"72":0,"73":0,"74":0,"75":0,"76":0,"77":0,"78":0,"79":0,"80":0,"81":0,"82":0,"83":0,"84":1,"85":1,"86":0,"87":0,"88":0,"89":0,"90":0,"91":0,"92":0,"93":0,"94":0,"95":1,"96":1,"97":0,"98":0,"99":0,"100":0,"101":0,"102":0,"103":0,"104":0,"105":0,"106":0,"107":0,"108":0,"109":0,"110":0,"111":0,"112":0,"113":1,"114":1,"115":0,"116":0,"117":0,"118":0,"119":0,"120":0,"121":0,"122":0,"123":0,"124":0,"125":0,"126":0,"127":0,"128":1,"129":1,"130":0,"131":0,"132":0,"133":0,"134":0,"135":0,"136":0,"137":0,"138":0,"139":0,"140":0,"141":0,"142":1},"f":{"0":1,"1":2,"2":2,"3":0,"4":0,"5":2,"6":2,"7":0,"8":0,"9":0,"10":0,"11":0,"12":0,"13":0,"14":0,"15":0,"16":0},"b":{"0":[1,1],"1":[0,0],"2":[0,0],"3":[0,0],"4":[0,0,0],"5":[0,2],"6":[2,2],"7":[0,2],"8":[1,1],"9":[0,0],"10":[0,0,0],"11":[0,0],"12":[0,0],"13":[0,0],"14":[0,0],"15":[0,0],"16":[0,0],"17":[0,0],"18":[0,0],"19":[0,0],"20":[0,0],"21":[0,0],"22":[0,0,0,0]}}
,"C:\\Users\\Admin\\OneDrive\\Desktop\\AI_Counsellor\\backend\\src\\middlewares\\authMiddleware.ts": {"path":"C:\\Users\\Admin\\OneDrive\\Desktop\\AI_Counsellor\\backend\\src\\middlewares\\authMiddleware.ts","statementMap":{"0":{"start":{"line":2,"column":0},"end":{"line":2,"column":70}},"1":{"start":{"line":8,"column":28},"end":{"line":24,"column":1}},"2":{"start":{"line":9,"column":2},"end":{"line":23,"column":3}},"3":{"start":{"line":10,"column":23},"end":{"line":10,"column":48}},"4":{"start":{"line":11,"column":4},"end":{"line":14,"column":5}},"5":{"start":{"line":12,"column":6},"end":{"line":12,"column":84}},"6":{"start":{"line":13,"column":6},"end":{"line":13,"column":13}},"7":{"start":{"line":16,"column":18},"end":{"line":16,"column":42}},"8":{"start":{"line":17,"column":20},"end":{"line":17,"column":57}},"9":{"start":{"line":19,"column":4},"end":{"line":19,"column":23}},"10":{"start":{"line":20,"column":4},"end":{"line":20,"column":11}},"11":{"start":{"line":22,"column":4},"end":{"line":22,"column":83}},"12":{"start":{"line":8,"column":13},"end":{"line":8,"column":28}}},"fnMap":{"0":{"name":"(anonymous_0)","decl":{"start":{"line":8,"column":28},"end":{"line":8,"column":29}},"loc":{"start":{"line":8,"column":90},"end":{"line":24,"column":1}}}},"branchMap":{"0":{"loc":{"start":{"line":11,"column":4},"end":{"line":14,"column":5}},"type":"if","locations":[{"start":{"line":11,"column":4},"end":{"line":14,"column":5}},{"start":{},"end":{}}]},"1":{"loc":{"start":{"line":11,"column":8},"end":{"line":11,"column":56}},"type":"binary-expr","locations":[{"start":{"line":11,"column":8},"end":{"line":11,"column":19}},{"start":{"line":11,"column":23},"end":{"line":11,"column":56}}]}},"s":{"0":1,"1":1,"2":0,"3":0,"4":0,"5":0,"6":0,"7":0,"8":0,"9":0,"10":0,"11":0,"12":1},"f":{"0":0},"b":{"0":[0,0],"1":[0,0]}}
,"C:\\Users\\Admin\\OneDrive\\Desktop\\AI_Counsellor\\backend\\src\\middlewares\\roleMiddleware.ts": {"path":"C:\\Users\\Admin\\OneDrive\\Desktop\\AI_Counsellor\\backend\\src\\middlewares\\roleMiddleware.ts","statementMap":{"0":{"start":{"line":4,"column":27},"end":{"line":18,"column":1}},"1":{"start":{"line":5,"column":2},"end":{"line":17,"column":4}},"2":{"start":{"line":6,"column":4},"end":{"line":9,"column":5}},"3":{"start":{"line":7,"column":6},"end":{"line":7,"column":84}},"4":{"start":{"line":8,"column":6},"end":{"line":8,"column":13}},"5":{"start":{"line":11,"column":4},"end":{"line":14,"column":5}},"6":{"start":{"line":12,"column":6},"end":{"line":12,"column":85}},"7":{"start":{"line":13,"column":6},"end":{"line":13,"column":13}},"8":{"start":{"line":16,"column":4},"end":{"line":16,"column":11}},"9":{"start":{"line":4,"column":13},"end":{"line":4,"column":27}}},"fnMap":{"0":{"name":"(anonymous_0)","decl":{"start":{"line":4,"column":27},"end":{"line":4,"column":28}},"loc":{"start":{"line":4,"column":47},"end":{"line":18,"column":1}}},"1":{"name":"(anonymous_1)","decl":{"start":{"line":5,"column":9},"end":{"line":5,"column":10}},"loc":{"start":{"line":5,"column":71},"end":{"line":17,"column":3}}}},"branchMap":{"0":{"loc":{"start":{"line":6,"column":4},"end":{"line":9,"column":5}},"type":"if","locations":[{"start":{"line":6,"column":4},"end":{"line":9,"column":5}},{"start":{},"end":{}}]},"1":{"loc":{"start":{"line":11,"column":4},"end":{"line":14,"column":5}},"type":"if","locations":[{"start":{"line":11,"column":4},"end":{"line":14,"column":5}},{"start":{},"end":{}}]}},"s":{"0":1,"1":1,"2":0,"3":0,"4":0,"5":0,"6":0,"7":0,"8":0,"9":1},"f":{"0":1,"1":0},"b":{"0":[0,0],"1":[0,0]}}
,"C:\\Users\\Admin\\OneDrive\\Desktop\\AI_Counsellor\\backend\\src\\middlewares\\validateMiddleware.ts": {"path":"C:\\Users\\Admin\\OneDrive\\Desktop\\AI_Counsellor\\backend\\src\\middlewares\\validateMiddleware.ts","statementMap":{"0":{"start":{"line":2,"column":0},"end":{"line":2,"column":24}},"1":{"start":{"line":4,"column":31},"end":{"line":24,"column":1}},"2":{"start":{"line":5,"column":2},"end":{"line":23,"column":4}},"3":{"start":{"line":5,"column":82},"end":{"line":23,"column":4}},"4":{"start":{"line":6,"column":4},"end":{"line":22,"column":5}},"5":{"start":{"line":7,"column":6},"end":{"line":7,"column":40}},"6":{"start":{"line":8,"column":6},"end":{"line":8,"column":13}},"7":{"start":{"line":10,"column":6},"end":{"line":20,"column":7}},"8":{"start":{"line":11,"column":8},"end":{"line":18,"column":11}},"9":{"start":{"line":14,"column":55},"end":{"line":17,"column":12}},"10":{"start":{"line":19,"column":8},"end":{"line":19,"column":15}},"11":{"start":{"line":21,"column":6},"end":{"line":21,"column":18}},"12":{"start":{"line":4,"column":13},"end":{"line":4,"column":31}}},"fnMap":{"0":{"name":"(anonymous_7)","decl":{"start":{"line":4,"column":31},"end":{"line":4,"column":32}},"loc":{"start":{"line":4,"column":55},"end":{"line":24,"column":1}}},"1":{"name":"(anonymous_8)","decl":{"start":{"line":5,"column":9},"end":{"line":5,"column":16}},"loc":{"start":{"line":5,"column":82},"end":{"line":23,"column":4}}},"2":{"name":"(anonymous_9)","decl":{"start":{"line":5,"column":82},"end":{"line":5,"column":null}},"loc":{"start":{"line":5,"column":82},"end":{"line":23,"column":3}}},"3":{"name":"(anonymous_10)","decl":{"start":{"line":14,"column":35},"end":{"line":14,"column":36}},"loc":{"start":{"line":14,"column":55},"end":{"line":17,"column":12}}}},"branchMap":{"0":{"loc":{"start":{"line":10,"column":6},"end":{"line":20,"column":7}},"type":"if","locations":[{"start":{"line":10,"column":6},"end":{"line":20,"column":7}},{"start":{},"end":{}}]}},"s":{"0":1,"1":1,"2":6,"3":5,"4":5,"5":5,"6":4,"7":1,"8":1,"9":1,"10":1,"11":0,"12":1},"f":{"0":6,"1":5,"2":5,"3":1},"b":{"0":[1,0]}}
,"C:\\Users\\Admin\\OneDrive\\Desktop\\AI_Counsellor\\backend\\src\\routes\\authRoutes.ts": {"path":"C:\\Users\\Admin\\OneDrive\\Desktop\\AI_Counsellor\\backend\\src\\routes\\authRoutes.ts","statementMap":{"0":{"start":{"line":1,"column":0},"end":{"line":1,"column":52}},"1":{"start":{"line":2,"column":0},"end":{"line":2,"column":68}},"2":{"start":{"line":3,"column":0},"end":{"line":3,"column":null}},"3":{"start":{"line":10,"column":0},"end":{"line":10,"column":null}},"4":{"start":{"line":20,"column":0},"end":{"line":20,"column":61}},"5":{"start":{"line":21,"column":0},"end":{"line":21,"column":60}},"6":{"start":{"line":23,"column":15},"end":{"line":23,"column":23}},"7":{"start":{"line":26,"column":0},"end":{"line":26,"column":68}},"8":{"start":{"line":27,"column":0},"end":{"line":27,"column":59}},"9":{"start":{"line":28,"column":0},"end":{"line":28,"column":70}},"10":{"start":{"line":29,"column":0},"end":{"line":29,"column":72}},"11":{"start":{"line":30,"column":0},"end":{"line":30,"column":87}},"12":{"start":{"line":31,"column":0},"end":{"line":31,"column":84}},"13":{"start":{"line":32,"column":0},"end":{"line":32,"column":33}},"14":{"start":{"line":33,"column":0},"end":{"line":33,"column":31}},"15":{"start":{"line":38,"column":0},"end":{"line":41,"column":3}},"16":{"start":{"line":39,"column":18},"end":{"line":39,"column":36}},"17":{"start":{"line":40,"column":2},"end":{"line":40,"column":64}},"18":{"start":{"line":43,"column":0},"end":{"line":45,"column":3}},"19":{"start":{"line":44,"column":2},"end":{"line":44,"column":70}},"20":{"start":{"line":47,"column":0},"end":{"line":47,"column":22}}},"fnMap":{"0":{"name":"(anonymous_0)","decl":{"start":{"line":38,"column":32},"end":{"line":38,"column":33}},"loc":{"start":{"line":38,"column":64},"end":{"line":41,"column":1}}},"1":{"name":"(anonymous_1)","decl":{"start":{"line":43,"column":69},"end":{"line":43,"column":70}},"loc":{"start":{"line":43,"column":101},"end":{"line":45,"column":1}}}},"branchMap":{},"s":{"0":1,"1":1,"2":1,"3":1,"4":1,"5":1,"6":1,"7":1,"8":1,"9":1,"10":1,"11":1,"12":1,"13":1,"14":1,"15":1,"16":0,"17":0,"18":1,"19":0,"20":1},"f":{"0":0,"1":0},"b":{}}
,"C:\\Users\\Admin\\OneDrive\\Desktop\\AI_Counsellor\\backend\\src\\services\\emailService.ts": {"path":"C:\\Users\\Admin\\OneDrive\\Desktop\\AI_Counsellor\\backend\\src\\services\\emailService.ts","statementMap":{"0":{"start":{"line":1,"column":0},"end":{"line":1,"column":36}},"1":{"start":{"line":9,"column":4},"end":{"line":16,"column":7}},"2":{"start":{"line":20,"column":24},"end":{"line":26,"column":6}},"3":{"start":{"line":28,"column":4},"end":{"line":35,"column":5}},"4":{"start":{"line":29,"column":19},"end":{"line":29,"column":63}},"5":{"start":{"line":30,"column":6},"end":{"line":30,"column":54}},"6":{"start":{"line":31,"column":6},"end":{"line":31,"column":73}},"7":{"start":{"line":33,"column":6},"end":{"line":33,"column":51}},"8":{"start":{"line":34,"column":6},"end":{"line":34,"column":46}},"9":{"start":{"line":3,"column":0},"end":{"line":3,"column":13}},"10":{"start":{"line":39,"column":13},"end":{"line":39,"column":47}}},"fnMap":{"0":{"name":"(anonymous_8)","decl":{"start":{"line":6,"column":2},"end":{"line":6,"column":null}},"loc":{"start":{"line":6,"column":2},"end":{"line":17,"column":3}}},"1":{"name":"(anonymous_9)","decl":{"start":{"line":19,"column":8},"end":{"line":19,"column":20}},"loc":{"start":{"line":19,"column":44},"end":{"line":36,"column":null}}}},"branchMap":{},"s":{"0":1,"1":1,"2":1,"3":1,"4":1,"5":0,"6":0,"7":0,"8":0,"9":1,"10":1},"f":{"0":1,"1":1},"b":{}}
,"C:\\Users\\Admin\\OneDrive\\Desktop\\AI_Counsellor\\backend\\src\\services\\tokenService.ts": {"path":"C:\\Users\\Admin\\OneDrive\\Desktop\\AI_Counsellor\\backend\\src\\services\\tokenService.ts","statementMap":{"0":{"start":{"line":1,"column":0},"end":{"line":1,"column":31}},"1":{"start":{"line":3,"column":26},"end":{"line":3,"column":84}},"2":{"start":{"line":4,"column":27},"end":{"line":4,"column":87}},"3":{"start":{"line":13,"column":4},"end":{"line":13,"column":70}},"4":{"start":{"line":17,"column":4},"end":{"line":17,"column":70}},"5":{"start":{"line":21,"column":4},"end":{"line":21,"column":64}},"6":{"start":{"line":25,"column":4},"end":{"line":25,"column":65}},"7":{"start":{"line":11,"column":0},"end":{"line":11,"column":13}},"8":{"start":{"line":29,"column":13},"end":{"line":29,"column":47}}},"fnMap":{"0":{"name":"(anonymous_1)","decl":{"start":{"line":12,"column":2},"end":{"line":12,"column":21}},"loc":{"start":{"line":12,"column":43},"end":{"line":14,"column":3}}},"1":{"name":"(anonymous_2)","decl":{"start":{"line":16,"column":2},"end":{"line":16,"column":22}},"loc":{"start":{"line":16,"column":44},"end":{"line":18,"column":3}}},"2":{"name":"(anonymous_3)","decl":{"start":{"line":20,"column":2},"end":{"line":20,"column":19}},"loc":{"start":{"line":20,"column":33},"end":{"line":22,"column":3}}},"3":{"name":"(anonymous_4)","decl":{"start":{"line":24,"column":2},"end":{"line":24,"column":20}},"loc":{"start":{"line":24,"column":34},"end":{"line":26,"column":3}}}},"branchMap":{"0":{"loc":{"start":{"line":3,"column":26},"end":{"line":3,"column":84}},"type":"binary-expr","locations":[{"start":{"line":3,"column":26},"end":{"line":3,"column":55}},{"start":{"line":3,"column":59},"end":{"line":3,"column":84}}]},"1":{"loc":{"start":{"line":4,"column":27},"end":{"line":4,"column":87}},"type":"binary-expr","locations":[{"start":{"line":4,"column":27},"end":{"line":4,"column":57}},{"start":{"line":4,"column":61},"end":{"line":4,"column":87}}]}},"s":{"0":1,"1":1,"2":1,"3":1,"4":1,"5":0,"6":0,"7":1,"8":1},"f":{"0":1,"1":1,"2":0,"3":0},"b":{"0":[1,1],"1":[1,1]}}
,"C:\\Users\\Admin\\OneDrive\\Desktop\\AI_Counsellor\\backend\\src\\utils\\validators.ts": {"path":"C:\\Users\\Admin\\OneDrive\\Desktop\\AI_Counsellor\\backend\\src\\utils\\validators.ts","statementMap":{"0":{"start":{"line":1,"column":0},"end":{"line":1,"column":24}},"1":{"start":{"line":3,"column":13},"end":{"line":7,"column":3}},"2":{"start":{"line":9,"column":13},"end":{"line":12,"column":3}},"3":{"start":{"line":14,"column":13},"end":{"line":17,"column":3}},"4":{"start":{"line":19,"column":13},"end":{"line":21,"column":3}},"5":{"start":{"line":23,"column":13},"end":{"line":27,"column":3}},"6":{"start":{"line":29,"column":13},"end":{"line":44,"column":3}},"7":{"start":{"line":46,"column":13},"end":{"line":54,"column":3}},"8":{"start":{"line":56,"column":13},"end":{"line":65,"column":3}}},"fnMap":{},"branchMap":{},"s":{"0":1,"1":1,"2":1,"3":1,"4":1,"5":1,"6":1,"7":1,"8":1},"f":{},"b":{}}
}
