TN:
SF:src\controllers\authController.ts
FN:10,(anonymous_8)
FN:12,(anonymous_9)
FN:12,(anonymous_10)
FN:52,(anonymous_11)
FN:52,(anonymous_12)
FN:87,(anonymous_13)
FN:87,(anonymous_14)
FN:149,(anonymous_15)
FN:149,(anonymous_16)
FN:185,(anonymous_17)
FN:185,(anonymous_18)
FN:202,(anonymous_19)
FN:202,(anonymous_20)
FN:229,(anonymous_21)
FN:229,(anonymous_22)
FN:256,(anonymous_23)
FN:256,(anonymous_24)
FNF:17
FNH:5
FNDA:1,(anonymous_8)
FNDA:2,(anonymous_9)
FNDA:2,(anonymous_10)
FNDA:0,(anonymous_11)
FNDA:0,(anonymous_12)
FNDA:2,(anonymous_13)
FNDA:2,(anonymous_14)
FNDA:0,(anonymous_15)
FNDA:0,(anonymous_16)
FNDA:0,(anonymous_17)
FNDA:0,(anonymous_18)
FNDA:0,(anonymous_19)
FNDA:0,(anonymous_20)
FNDA:0,(anonymous_21)
FNDA:0,(anonymous_22)
FNDA:0,(anonymous_23)
FNDA:0,(anonymous_24)
DA:2,1
DA:3,1
DA:4,1
DA:5,1
DA:6,1
DA:8,1
DA:10,1
DA:12,2
DA:13,2
DA:14,2
DA:16,2
DA:17,2
DA:18,1
DA:19,1
DA:22,1
DA:23,1
DA:24,1
DA:26,1
DA:41,1
DA:43,1
DA:48,0
DA:52,1
DA:53,0
DA:54,0
DA:56,0
DA:57,0
DA:58,0
DA:59,0
DA:62,0
DA:63,0
DA:64,0
DA:67,0
DA:68,0
DA:69,0
DA:72,0
DA:81,0
DA:83,0
DA:87,2
DA:88,2
DA:89,2
DA:91,2
DA:92,2
DA:93,0
DA:94,0
DA:97,2
DA:98,0
DA:99,0
DA:102,2
DA:103,2
DA:104,1
DA:105,1
DA:108,1
DA:109,1
DA:110,1
DA:112,1
DA:118,0
DA:126,0
DA:133,0
DA:145,1
DA:149,1
DA:150,0
DA:151,0
DA:153,0
DA:154,0
DA:155,0
DA:156,0
DA:159,0
DA:160,0
DA:161,0
DA:162,0
DA:165,0
DA:166,0
DA:167,0
DA:169,0
DA:176,0
DA:181,0
DA:185,1
DA:186,0
DA:187,0
DA:188,0
DA:189,0
DA:190,0
DA:195,0
DA:196,0
DA:198,0
DA:202,1
DA:203,0
DA:204,0
DA:205,0
DA:206,0
DA:207,0
DA:210,0
DA:213,0
DA:214,0
DA:215,0
DA:216,0
DA:217,0
DA:220,0
DA:221,0
DA:223,0
DA:225,0
DA:229,1
DA:230,0
DA:231,0
DA:232,0
DA:234,0
DA:236,0
DA:237,0
DA:240,0
DA:241,0
DA:243,0
DA:248,0
DA:250,0
DA:252,0
DA:256,1
DA:257,0
DA:258,0
DA:260,0
DA:261,0
DA:262,0
DA:263,0
DA:266,0
DA:268,0
DA:278,0
DA:282,0
DA:284,0
LF:126
LH:41
BRDA:17,0,0,1
BRDA:17,0,1,1
BRDA:57,1,0,0
BRDA:57,1,1,0
BRDA:62,2,0,0
BRDA:62,2,1,0
BRDA:67,3,0,0
BRDA:67,3,1,0
BRDA:67,4,0,0
BRDA:67,4,1,0
BRDA:67,4,2,0
BRDA:92,5,0,0
BRDA:92,5,1,2
BRDA:92,6,0,2
BRDA:92,6,1,2
BRDA:97,7,0,0
BRDA:97,7,1,2
BRDA:103,8,0,1
BRDA:103,8,1,1
BRDA:154,9,0,0
BRDA:154,9,1,0
BRDA:154,10,0,0
BRDA:154,10,1,0
BRDA:154,10,2,0
BRDA:160,11,0,0
BRDA:160,11,1,0
BRDA:187,12,0,0
BRDA:187,12,1,0
BRDA:187,13,0,0
BRDA:187,13,1,0
BRDA:188,14,0,0
BRDA:188,14,1,0
BRDA:204,15,0,0
BRDA:204,15,1,0
BRDA:204,16,0,0
BRDA:204,16,1,0
BRDA:205,17,0,0
BRDA:205,17,1,0
BRDA:215,18,0,0
BRDA:215,18,1,0
BRDA:215,19,0,0
BRDA:215,19,1,0
BRDA:234,20,0,0
BRDA:234,20,1,0
BRDA:261,21,0,0
BRDA:261,21,1,0
BRDA:261,22,0,0
BRDA:261,22,1,0
BRDA:261,22,2,0
BRDA:261,22,3,0
BRF:50
BRH:8
end_of_record
TN:
SF:src\middlewares\authMiddleware.ts
FN:8,(anonymous_0)
FNF:1
FNH:0
FNDA:0,(anonymous_0)
DA:2,1
DA:8,1
DA:9,0
DA:10,0
DA:11,0
DA:12,0
DA:13,0
DA:16,0
DA:17,0
DA:19,0
DA:20,0
DA:22,0
LF:12
LH:2
BRDA:11,0,0,0
BRDA:11,0,1,0
BRDA:11,1,0,0
BRDA:11,1,1,0
BRF:4
BRH:0
end_of_record
TN:
SF:src\middlewares\roleMiddleware.ts
FN:4,(anonymous_0)
FN:5,(anonymous_1)
FNF:2
FNH:1
FNDA:1,(anonymous_0)
FNDA:0,(anonymous_1)
DA:4,1
DA:5,1
DA:6,0
DA:7,0
DA:8,0
DA:11,0
DA:12,0
DA:13,0
DA:16,0
LF:9
LH:2
BRDA:6,0,0,0
BRDA:6,0,1,0
BRDA:11,1,0,0
BRDA:11,1,1,0
BRF:4
BRH:0
end_of_record
TN:
SF:src\middlewares\validateMiddleware.ts
FN:4,(anonymous_7)
FN:5,(anonymous_8)
FN:5,(anonymous_9)
FN:14,(anonymous_10)
FNF:4
FNH:4
FNDA:6,(anonymous_7)
FNDA:5,(anonymous_8)
FNDA:5,(anonymous_9)
FNDA:1,(anonymous_10)
DA:2,1
DA:4,1
DA:5,6
DA:6,5
DA:7,5
DA:8,4
DA:10,1
DA:11,1
DA:14,1
DA:19,1
DA:21,0
LF:11
LH:10
BRDA:10,0,0,1
BRDA:10,0,1,0
BRF:2
BRH:1
end_of_record
TN:
SF:src\routes\authRoutes.ts
FN:38,(anonymous_0)
FN:43,(anonymous_1)
FNF:2
FNH:0
FNDA:0,(anonymous_0)
FNDA:0,(anonymous_1)
DA:1,1
DA:2,1
DA:3,1
DA:10,1
DA:20,1
DA:21,1
DA:23,1
DA:26,1
DA:27,1
DA:28,1
DA:29,1
DA:30,1
DA:31,1
DA:32,1
DA:33,1
DA:38,1
DA:39,0
DA:40,0
DA:43,1
DA:44,0
DA:47,1
LF:21
LH:18
BRF:0
BRH:0
end_of_record
TN:
SF:src\services\emailService.ts
FN:6,(anonymous_8)
FN:19,(anonymous_9)
FNF:2
FNH:2
FNDA:1,(anonymous_8)
FNDA:1,(anonymous_9)
DA:1,1
DA:3,1
DA:9,1
DA:20,1
DA:28,1
DA:29,1
DA:30,0
DA:31,0
DA:33,0
DA:34,0
DA:39,1
LF:11
LH:7
BRF:0
BRH:0
end_of_record
TN:
SF:src\services\tokenService.ts
FN:12,(anonymous_1)
FN:16,(anonymous_2)
FN:20,(anonymous_3)
FN:24,(anonymous_4)
FNF:4
FNH:2
FNDA:1,(anonymous_1)
FNDA:1,(anonymous_2)
FNDA:0,(anonymous_3)
FNDA:0,(anonymous_4)
DA:1,1
DA:3,1
DA:4,1
DA:11,1
DA:13,1
DA:17,1
DA:21,0
DA:25,0
DA:29,1
LF:9
LH:7
BRDA:3,0,0,1
BRDA:3,0,1,1
BRDA:4,1,0,1
BRDA:4,1,1,1
BRF:4
BRH:4
end_of_record
TN:
SF:src\utils\validators.ts
FNF:0
FNH:0
DA:1,1
DA:3,1
DA:9,1
DA:14,1
DA:19,1
DA:23,1
DA:29,1
DA:46,1
DA:56,1
LF:9
LH:9
BRF:0
BRH:0
end_of_record
